0 info it worked if it ends with ok
1 verbose cli [ '/Users/baidu/.nvm/versions/node/v4.8.6/bin/node',
1 verbose cli   '/Users/baidu/.nvm/versions/node/v4.8.6/bin/npm',
1 verbose cli   'install',
1 verbose cli   'fis-hook-commonjs3' ]
2 info using npm@2.15.11
3 info using node@v4.8.6
4 verbose install initial load of /Users/baidu/sn-pc-cfg/package.json
5 verbose readDependencies loading dependencies from /Users/baidu/sn-pc-cfg/package.json
6 silly cache add args [ 'fis-hook-commonjs3', null ]
7 verbose cache add spec fis-hook-commonjs3
8 silly cache add parsed spec Result {
8 silly cache add   raw: 'fis-hook-commonjs3',
8 silly cache add   scope: null,
8 silly cache add   name: 'fis-hook-commonjs3',
8 silly cache add   rawSpec: '',
8 silly cache add   spec: 'latest',
8 silly cache add   type: 'tag' }
9 silly addNamed fis-hook-commonjs3@latest
10 verbose addNamed "latest" is being treated as a dist-tag for fis-hook-commonjs3
11 info addNameTag [ 'fis-hook-commonjs3', 'latest' ]
12 silly mapToRegistry name fis-hook-commonjs3
13 silly mapToRegistry using default registry
14 silly mapToRegistry registry https://registry.npmjs.org/
15 silly mapToRegistry data Result {
15 silly mapToRegistry   raw: 'fis-hook-commonjs3',
15 silly mapToRegistry   scope: null,
15 silly mapToRegistry   name: 'fis-hook-commonjs3',
15 silly mapToRegistry   rawSpec: '',
15 silly mapToRegistry   spec: 'latest',
15 silly mapToRegistry   type: 'tag' }
16 silly mapToRegistry uri https://registry.npmjs.org/fis-hook-commonjs3
17 verbose addNameTag registry:https://registry.npmjs.org/fis-hook-commonjs3 not in flight; fetching
18 verbose request uri https://registry.npmjs.org/fis-hook-commonjs3
19 verbose request no auth needed
20 info attempt registry request try #1 at 15:52:27
21 verbose request id 1393a7cfa5674f5d
22 http request GET https://registry.npmjs.org/fis-hook-commonjs3
23 http 404 https://registry.npmjs.org/fis-hook-commonjs3
24 verbose headers { 'content-type': 'application/json',
24 verbose headers   'cache-control': 'max-age=0',
24 verbose headers   'content-length': '2',
24 verbose headers   'accept-ranges': 'bytes',
24 verbose headers   date: 'Sun, 04 Mar 2018 07:52:29 GMT',
24 verbose headers   via: '1.1 varnish',
24 verbose headers   connection: 'keep-alive',
24 verbose headers   'x-served-by': 'cache-hnd18723-HND',
24 verbose headers   'x-cache': 'MISS',
24 verbose headers   'x-cache-hits': '0',
24 verbose headers   'x-timer': 'S1520149947.485497,VS0,VE1539',
24 verbose headers   vary: 'Accept-Encoding' }
25 silly get cb [ 404,
25 silly get   { 'content-type': 'application/json',
25 silly get     'cache-control': 'max-age=0',
25 silly get     'content-length': '2',
25 silly get     'accept-ranges': 'bytes',
25 silly get     date: 'Sun, 04 Mar 2018 07:52:29 GMT',
25 silly get     via: '1.1 varnish',
25 silly get     connection: 'keep-alive',
25 silly get     'x-served-by': 'cache-hnd18723-HND',
25 silly get     'x-cache': 'MISS',
25 silly get     'x-cache-hits': '0',
25 silly get     'x-timer': 'S1520149947.485497,VS0,VE1539',
25 silly get     vary: 'Accept-Encoding' } ]
26 verbose stack Error: Registry returned 404 for GET on https://registry.npmjs.org/fis-hook-commonjs3
26 verbose stack     at makeError (/Users/baidu/.nvm/versions/node/v4.8.6/lib/node_modules/npm/node_modules/npm-registry-client/lib/request.js:302:12)
26 verbose stack     at CachingRegistryClient.<anonymous> (/Users/baidu/.nvm/versions/node/v4.8.6/lib/node_modules/npm/node_modules/npm-registry-client/lib/request.js:280:14)
26 verbose stack     at Request._callback (/Users/baidu/.nvm/versions/node/v4.8.6/lib/node_modules/npm/node_modules/npm-registry-client/lib/request.js:210:14)
26 verbose stack     at Request.self.callback (/Users/baidu/.nvm/versions/node/v4.8.6/lib/node_modules/npm/node_modules/request/request.js:187:22)
26 verbose stack     at emitTwo (events.js:87:13)
26 verbose stack     at Request.emit (events.js:172:7)
26 verbose stack     at Request.<anonymous> (/Users/baidu/.nvm/versions/node/v4.8.6/lib/node_modules/npm/node_modules/request/request.js:1044:10)
26 verbose stack     at emitOne (events.js:77:13)
26 verbose stack     at Request.emit (events.js:169:7)
26 verbose stack     at IncomingMessage.<anonymous> (/Users/baidu/.nvm/versions/node/v4.8.6/lib/node_modules/npm/node_modules/request/request.js:965:12)
27 verbose statusCode 404
28 verbose pkgid fis-hook-commonjs3
29 verbose cwd /Users/baidu/sn-pc-cfg
30 error Darwin 16.7.0
31 error argv "/Users/baidu/.nvm/versions/node/v4.8.6/bin/node" "/Users/baidu/.nvm/versions/node/v4.8.6/bin/npm" "install" "fis-hook-commonjs3"
32 error node v4.8.6
33 error npm  v2.15.11
34 error code E404
35 error 404 Registry returned 404 for GET on https://registry.npmjs.org/fis-hook-commonjs3
35 error 404
35 error 404 'fis-hook-commonjs3' is not in the npm registry.
35 error 404 You should bug the author to publish it (or use the name yourself!)
35 error 404 It was specified as a dependency of 'fis3-base'
35 error 404
35 error 404 Note that you can also install from a
35 error 404 tarball, folder, http url, or git url.
36 verbose exit [ 1, true ]
